Arguments: 
  C:\Program Files\nodejs\node.exe C:\Users\Asus\AppData\Roaming\npm\node_modules\yarn\bin\yarn.js start

PATH: 
  C:\Program Files (x86)\Common Files\Oracle\Java\javapath;C:\WINDOWS\system32;C:\WINDOWS;C:\WINDOWS\System32\Wbem;C:\WINDOWS\System32\WindowsPowerShell\v1.0\;C:\WINDOWS\System32\OpenSSH\;C:\MinGW\bin;C:\Program Files (x86)\Brackets\command;C:\Program Files\Git\cmd;C:\Program Files\nodejs\;C:\ProgramData\chocolatey\bin;C:\Users\Asus\AppData\Local\Programs\Python\Python38-32\Scripts\;C:\Users\Asus\AppData\Local\Programs\Python\Python38-32\;C:\Users\Asus\AppData\Local\Microsoft\WindowsApps;C:\Program Files\IBM\Cloud\bin;C:\Users\Asus\AppData\Local\Programs\Microsoft VS Code\bin;C:\Users\Asus\AppData\Roaming\npm

Yarn version: 
  1.22.10

Node version: 
  14.11.0

Platform: 
  win32 x64

Trace: 
  SyntaxError: C:\Users\Asus\chess-game\package.json: Unexpected token / in JSON at position 40
      at JSON.parse (<anonymous>)
      at C:\Users\Asus\AppData\Roaming\npm\node_modules\yarn\lib\cli.js:1625:59
      at Generator.next (<anonymous>)
      at step (C:\Users\Asus\AppData\Roaming\npm\node_modules\yarn\lib\cli.js:310:30)
      at C:\Users\Asus\AppData\Roaming\npm\node_modules\yarn\lib\cli.js:321:13

npm manifest: 
  {
  "scripts": {
    "start": "yarn start", // you need to add this line
    "test": "(eslint lib || true) && jest"
  }
    "name": "chess-game",
    "version": "0.1.0",
    "private": true,
    "dependencies": {
      "@testing-library/jest-dom": "^5.11.9",
      "@testing-library/react": "^11.2.3",
      "@testing-library/user-event": "^12.6.2",
      "@types/jest": "^26.0.20",
      "@types/node": "^12.19.15",
      "@types/react": "^16.14.2",
      "@types/react-dom": "^16.9.10",
      "react": "^17.0.1",
      "react-dom": "^17.0.1",
      "react-scripts": "4.0.1",
      "typescript": "^4.1.3",
      "web-vitals": "^0.2.4"
    },
    "scripts": {
      "start": "react-scripts start",
      "build": "react-scripts build",
      "test": "react-scripts test",
      "eject": "react-scripts eject"
    },
    "eslintConfig": {
      "extends": [
        "react-app",
        "react-app/jest"
      ]
    },
    "browserslist": {
      "production": [
        ">0.2%",
        "not dead",
        "not op_mini all"
      ],
      "development": [
        "last 1 chrome version",
        "last 1 firefox version",
        "last 1 safari version"
      ]
    }
  }

yarn manifest: 
  No manifest

Lockfile: 
  No lockfile
